<?xml version="1.0" encoding="UTF-8"?>
<!-- Generated by org.testng.reporters.JUnitXMLReporter -->
<testsuite hostname="HUSSAIN" ignored="1" name="Test" tests="3" failures="0" timestamp="13 Dec 2020 13:01:01 GMT" time="0.16" errors="0">
  <testcase name="method2" time="0.031" classname="org.test.Example"/>
  <testcase name="method3" time="0.006" classname="org.test.Example"/>
  <testcase name="method4" time="0.013" classname="org.test.Example"/>
  <testcase name="method1" time="0.0" classname="org.test.Example">
    <ignored/>
  </testcase> <!-- method1 -->
</testsuite> <!-- Test -->
